

Started GET "/assets/rails.png" for 127.0.0.1 at 2017-06-16 17:47:23 +0530
Served asset /rails.png - 304 Not Modified (6ms)


Started GET "/assets/rails.png" for 127.0.0.1 at 2017-06-16 17:59:24 +0530
Served asset /rails.png - 200 OK (6ms)


Started GET "/assets/rails.png" for 127.0.0.1 at 2017-06-16 20:53:40 +0530
Served asset /rails.png - 304 Not Modified (18ms)


Started GET "/users" for 127.0.0.1 at 2017-06-16 20:53:48 +0530

ActionController::RoutingError (No route matches [GET] "/users"):
  actionpack (3.2.3) lib/action_dispatch/middleware/debug_exceptions.rb:21:in `call'
  actionpack (3.2.3) lib/action_dispatch/middleware/show_exceptions.rb:56:in `call'
  railties (3.2.3) lib/rails/rack/logger.rb:26:in `call_app'
  railties (3.2.3) lib/rails/rack/logger.rb:16:in `call'
  actionpack (3.2.3) lib/action_dispatch/middleware/request_id.rb:22:in `call'
  rack (1.4.7) lib/rack/methodoverride.rb:21:in `call'
  rack (1.4.7) lib/rack/runtime.rb:17:in `call'
  activesupport (3.2.3) lib/active_support/cache/strategy/local_cache.rb:72:in `call'
  rack (1.4.7) lib/rack/lock.rb:15:in `call'
  actionpack (3.2.3) lib/action_dispatch/middleware/static.rb:62:in `call'
  railties (3.2.3) lib/rails/engine.rb:479:in `call'
  railties (3.2.3) lib/rails/application.rb:220:in `call'
  rack (1.4.7) lib/rack/content_length.rb:14:in `call'
  railties (3.2.3) lib/rails/rack/log_tailer.rb:14:in `call'
  rack (1.4.7) lib/rack/handler/webrick.rb:59:in `service'
  /home/gajanan/.rbenv/versions/1.9.3-p551/lib/ruby/1.9.1/webrick/httpserver.rb:138:in `service'
  /home/gajanan/.rbenv/versions/1.9.3-p551/lib/ruby/1.9.1/webrick/httpserver.rb:94:in `run'
  /home/gajanan/.rbenv/versions/1.9.3-p551/lib/ruby/1.9.1/webrick/server.rb:191:in `block in start_thread'


  Rendered /home/gajanan/.rbenv/versions/1.9.3-p551/lib/ruby/gems/1.9.1/gems/actionpack-3.2.3/lib/action_dispatch/middleware/templates/rescues/routing_error.erb within rescues/layout (3.0ms)


Started GET "/assets/rails.png" for 127.0.0.1 at 2017-06-16 20:53:52 +0530
Served asset /rails.png - 304 Not Modified (0ms)


Started GET "/assets/rails.png" for 127.0.0.1 at 2017-06-18 10:22:38 +0530
Served asset /rails.png - 304 Not Modified (34ms)


Started GET "/about" for 127.0.0.1 at 2017-06-18 10:22:46 +0530

ActionController::RoutingError (No route matches [GET] "/about"):
  actionpack (3.2.3) lib/action_dispatch/middleware/debug_exceptions.rb:21:in `call'
  actionpack (3.2.3) lib/action_dispatch/middleware/show_exceptions.rb:56:in `call'
  railties (3.2.3) lib/rails/rack/logger.rb:26:in `call_app'
  railties (3.2.3) lib/rails/rack/logger.rb:16:in `call'
  actionpack (3.2.3) lib/action_dispatch/middleware/request_id.rb:22:in `call'
  rack (1.4.7) lib/rack/methodoverride.rb:21:in `call'
  rack (1.4.7) lib/rack/runtime.rb:17:in `call'
  activesupport (3.2.3) lib/active_support/cache/strategy/local_cache.rb:72:in `call'
  rack (1.4.7) lib/rack/lock.rb:15:in `call'
  actionpack (3.2.3) lib/action_dispatch/middleware/static.rb:62:in `call'
  railties (3.2.3) lib/rails/engine.rb:479:in `call'
  railties (3.2.3) lib/rails/application.rb:220:in `call'
  rack (1.4.7) lib/rack/content_length.rb:14:in `call'
  railties (3.2.3) lib/rails/rack/log_tailer.rb:14:in `call'
  rack (1.4.7) lib/rack/handler/webrick.rb:59:in `service'
  /home/gajanan/.rbenv/versions/1.9.3-p551/lib/ruby/1.9.1/webrick/httpserver.rb:138:in `service'
  /home/gajanan/.rbenv/versions/1.9.3-p551/lib/ruby/1.9.1/webrick/httpserver.rb:94:in `run'
  /home/gajanan/.rbenv/versions/1.9.3-p551/lib/ruby/1.9.1/webrick/server.rb:191:in `block in start_thread'


  Rendered /home/gajanan/.rbenv/versions/1.9.3-p551/lib/ruby/gems/1.9.1/gems/actionpack-3.2.3/lib/action_dispatch/middleware/templates/rescues/routing_error.erb within rescues/layout (32.9ms)


Started GET "/static_pages/about" for 127.0.0.1 at 2017-06-18 10:23:14 +0530
Processing by StaticPagesController#about as HTML
  Rendered static_pages/about.html.erb within layouts/application (0.2ms)
Compiled static_pages.css  (13ms)  (pid 4996)
Compiled application.css  (76ms)  (pid 4996)
Compiled jquery.js  (1ms)  (pid 4996)
Compiled jquery_ujs.js  (0ms)  (pid 4996)
Compiled static_pages.js  (809ms)  (pid 4996)
Compiled application.js  (866ms)  (pid 4996)
Completed 200 OK in 1175ms (Views: 1174.3ms | ActiveRecord: 0.0ms)


Started GET "/assets/application.css?body=1" for 127.0.0.1 at 2017-06-18 10:23:15 +0530
Served asset /application.css - 304 Not Modified (1ms)


Started GET "/assets/static_pages.css?body=1" for 127.0.0.1 at 2017-06-18 10:23:15 +0530
Served asset /static_pages.css - 200 OK (0ms)


Started GET "/assets/jquery.js?body=1" for 127.0.0.1 at 2017-06-18 10:23:15 +0530
Served asset /jquery.js - 304 Not Modified (5ms)


Started GET "/assets/application.js?body=1" for 127.0.0.1 at 2017-06-18 10:23:15 +0530
Served asset /application.js - 304 Not Modified (10ms)


Started GET "/assets/static_pages.js?body=1" for 127.0.0.1 at 2017-06-18 10:23:15 +0530
Served asset /static_pages.js - 200 OK (0ms)


Started GET "/assets/jquery_ujs.js?body=1" for 127.0.0.1 at 2017-06-18 10:23:15 +0530
Served asset /jquery_ujs.js - 304 Not Modified (1ms)


Started GET "/assets/rails.png" for 127.0.0.1 at 2017-06-19 17:51:44 +0530
Served asset /rails.png - 304 Not Modified (12ms)


Started GET "/assets/rails.png" for 127.0.0.1 at 2017-06-19 17:51:51 +0530
Served asset /rails.png - 304 Not Modified (0ms)


Started GET "/static_pages/home" for 127.0.0.1 at 2017-06-19 17:52:07 +0530
Processing by StaticPagesController#home as HTML
  Rendered static_pages/home.html.erb within layouts/application (8.1ms)
Completed 200 OK in 219ms (Views: 219.0ms | ActiveRecord: 0.0ms)


Started GET "/assets/application.css?body=1" for 127.0.0.1 at 2017-06-19 17:52:07 +0530
Served asset /application.css - 304 Not Modified (1ms)


Started GET "/assets/static_pages.css?body=1" for 127.0.0.1 at 2017-06-19 17:52:07 +0530
Served asset /static_pages.css - 304 Not Modified (0ms)


Started GET "/assets/jquery_ujs.js?body=1" for 127.0.0.1 at 2017-06-19 17:52:07 +0530
Served asset /jquery_ujs.js - 304 Not Modified (0ms)


Started GET "/assets/jquery.js?body=1" for 127.0.0.1 at 2017-06-19 17:52:07 +0530
Served asset /jquery.js - 304 Not Modified (1ms)


Started GET "/assets/static_pages.js?body=1" for 127.0.0.1 at 2017-06-19 17:52:07 +0530
Served asset /static_pages.js - 304 Not Modified (0ms)


Started GET "/assets/application.js?body=1" for 127.0.0.1 at 2017-06-19 17:52:07 +0530
Served asset /application.js - 304 Not Modified (10ms)


Started GET "/static_pages/help" for 127.0.0.1 at 2017-06-19 17:52:12 +0530
Processing by StaticPagesController#help as HTML
  Rendered static_pages/help.html.erb within layouts/application (0.3ms)
Completed 200 OK in 7ms (Views: 6.0ms | ActiveRecord: 0.0ms)


Started GET "/assets/application.css?body=1" for 127.0.0.1 at 2017-06-19 17:52:12 +0530
Served asset /application.css - 304 Not Modified (0ms)


Started GET "/assets/static_pages.css?body=1" for 127.0.0.1 at 2017-06-19 17:52:12 +0530
Served asset /static_pages.css - 304 Not Modified (0ms)


Started GET "/assets/jquery.js?body=1" for 127.0.0.1 at 2017-06-19 17:52:12 +0530
Served asset /jquery.js - 304 Not Modified (0ms)


Started GET "/assets/jquery_ujs.js?body=1" for 127.0.0.1 at 2017-06-19 17:52:12 +0530
Served asset /jquery_ujs.js - 304 Not Modified (0ms)


Started GET "/assets/static_pages.js?body=1" for 127.0.0.1 at 2017-06-19 17:52:12 +0530
Served asset /static_pages.js - 304 Not Modified (0ms)


Started GET "/assets/application.js?body=1" for 127.0.0.1 at 2017-06-19 17:52:12 +0530
Served asset /application.js - 304 Not Modified (0ms)


Started GET "/assets/rails.png" for 127.0.0.1 at 2017-06-20 08:19:22 +0530
Served asset /rails.png - 304 Not Modified (1ms)


Started GET "/assets/rails.png" for 127.0.0.1 at 2017-06-21 12:44:25 +0530
Served asset /rails.png - 304 Not Modified (39ms)


Started GET "/help" for 127.0.0.1 at 2017-06-21 12:44:33 +0530

ActionController::RoutingError (No route matches [GET] "/help"):
  actionpack (3.2.3) lib/action_dispatch/middleware/debug_exceptions.rb:21:in `call'
  actionpack (3.2.3) lib/action_dispatch/middleware/show_exceptions.rb:56:in `call'
  railties (3.2.3) lib/rails/rack/logger.rb:26:in `call_app'
  railties (3.2.3) lib/rails/rack/logger.rb:16:in `call'
  actionpack (3.2.3) lib/action_dispatch/middleware/request_id.rb:22:in `call'
  rack (1.4.7) lib/rack/methodoverride.rb:21:in `call'
  rack (1.4.7) lib/rack/runtime.rb:17:in `call'
  activesupport (3.2.3) lib/active_support/cache/strategy/local_cache.rb:72:in `call'
  rack (1.4.7) lib/rack/lock.rb:15:in `call'
  actionpack (3.2.3) lib/action_dispatch/middleware/static.rb:62:in `call'
  railties (3.2.3) lib/rails/engine.rb:479:in `call'
  railties (3.2.3) lib/rails/application.rb:220:in `call'
  rack (1.4.7) lib/rack/content_length.rb:14:in `call'
  railties (3.2.3) lib/rails/rack/log_tailer.rb:14:in `call'
  rack (1.4.7) lib/rack/handler/webrick.rb:59:in `service'
  /home/gajanan/.rbenv/versions/1.9.3-p551/lib/ruby/1.9.1/webrick/httpserver.rb:138:in `service'
  /home/gajanan/.rbenv/versions/1.9.3-p551/lib/ruby/1.9.1/webrick/httpserver.rb:94:in `run'
  /home/gajanan/.rbenv/versions/1.9.3-p551/lib/ruby/1.9.1/webrick/server.rb:191:in `block in start_thread'


  Rendered /home/gajanan/.rbenv/versions/1.9.3-p551/lib/ruby/gems/1.9.1/gems/actionpack-3.2.3/lib/action_dispatch/middleware/templates/rescues/routing_error.erb within rescues/layout (4.0ms)


Started GET "/about" for 127.0.0.1 at 2017-06-21 12:44:42 +0530

ActionController::RoutingError (No route matches [GET] "/about"):
  actionpack (3.2.3) lib/action_dispatch/middleware/debug_exceptions.rb:21:in `call'
  actionpack (3.2.3) lib/action_dispatch/middleware/show_exceptions.rb:56:in `call'
  railties (3.2.3) lib/rails/rack/logger.rb:26:in `call_app'
  railties (3.2.3) lib/rails/rack/logger.rb:16:in `call'
  actionpack (3.2.3) lib/action_dispatch/middleware/request_id.rb:22:in `call'
  rack (1.4.7) lib/rack/methodoverride.rb:21:in `call'
  rack (1.4.7) lib/rack/runtime.rb:17:in `call'
  activesupport (3.2.3) lib/active_support/cache/strategy/local_cache.rb:72:in `call'
  rack (1.4.7) lib/rack/lock.rb:15:in `call'
  actionpack (3.2.3) lib/action_dispatch/middleware/static.rb:62:in `call'
  railties (3.2.3) lib/rails/engine.rb:479:in `call'
  railties (3.2.3) lib/rails/application.rb:220:in `call'
  rack (1.4.7) lib/rack/content_length.rb:14:in `call'
  railties (3.2.3) lib/rails/rack/log_tailer.rb:14:in `call'
  rack (1.4.7) lib/rack/handler/webrick.rb:59:in `service'
  /home/gajanan/.rbenv/versions/1.9.3-p551/lib/ruby/1.9.1/webrick/httpserver.rb:138:in `service'
  /home/gajanan/.rbenv/versions/1.9.3-p551/lib/ruby/1.9.1/webrick/httpserver.rb:94:in `run'
  /home/gajanan/.rbenv/versions/1.9.3-p551/lib/ruby/1.9.1/webrick/server.rb:191:in `block in start_thread'


  Rendered /home/gajanan/.rbenv/versions/1.9.3-p551/lib/ruby/gems/1.9.1/gems/actionpack-3.2.3/lib/action_dispatch/middleware/templates/rescues/routing_error.erb within rescues/layout (0.6ms)


Started GET "/assets/rails.png" for 127.0.0.1 at 2017-06-21 17:28:24 +0530
Served asset /rails.png - 304 Not Modified (3ms)


Started GET "/home" for 127.0.0.1 at 2017-06-21 17:28:27 +0530

ActionController::RoutingError (No route matches [GET] "/home"):
  actionpack (3.2.3) lib/action_dispatch/middleware/debug_exceptions.rb:21:in `call'
  actionpack (3.2.3) lib/action_dispatch/middleware/show_exceptions.rb:56:in `call'
  railties (3.2.3) lib/rails/rack/logger.rb:26:in `call_app'
  railties (3.2.3) lib/rails/rack/logger.rb:16:in `call'
  actionpack (3.2.3) lib/action_dispatch/middleware/request_id.rb:22:in `call'
  rack (1.4.7) lib/rack/methodoverride.rb:21:in `call'
  rack (1.4.7) lib/rack/runtime.rb:17:in `call'
  activesupport (3.2.3) lib/active_support/cache/strategy/local_cache.rb:72:in `call'
  rack (1.4.7) lib/rack/lock.rb:15:in `call'
  actionpack (3.2.3) lib/action_dispatch/middleware/static.rb:62:in `call'
  railties (3.2.3) lib/rails/engine.rb:479:in `call'
  railties (3.2.3) lib/rails/application.rb:220:in `call'
  rack (1.4.7) lib/rack/content_length.rb:14:in `call'
  railties (3.2.3) lib/rails/rack/log_tailer.rb:14:in `call'
  rack (1.4.7) lib/rack/handler/webrick.rb:59:in `service'
  /home/gajanan/.rbenv/versions/1.9.3-p551/lib/ruby/1.9.1/webrick/httpserver.rb:138:in `service'
  /home/gajanan/.rbenv/versions/1.9.3-p551/lib/ruby/1.9.1/webrick/httpserver.rb:94:in `run'
  /home/gajanan/.rbenv/versions/1.9.3-p551/lib/ruby/1.9.1/webrick/server.rb:191:in `block in start_thread'


  Rendered /home/gajanan/.rbenv/versions/1.9.3-p551/lib/ruby/gems/1.9.1/gems/actionpack-3.2.3/lib/action_dispatch/middleware/templates/rescues/routing_error.erb within rescues/layout (6.0ms)


Started GET "/about" for 127.0.0.1 at 2017-06-21 17:28:34 +0530

ActionController::RoutingError (No route matches [GET] "/about"):
  actionpack (3.2.3) lib/action_dispatch/middleware/debug_exceptions.rb:21:in `call'
  actionpack (3.2.3) lib/action_dispatch/middleware/show_exceptions.rb:56:in `call'
  railties (3.2.3) lib/rails/rack/logger.rb:26:in `call_app'
  railties (3.2.3) lib/rails/rack/logger.rb:16:in `call'
  actionpack (3.2.3) lib/action_dispatch/middleware/request_id.rb:22:in `call'
  rack (1.4.7) lib/rack/methodoverride.rb:21:in `call'
  rack (1.4.7) lib/rack/runtime.rb:17:in `call'
  activesupport (3.2.3) lib/active_support/cache/strategy/local_cache.rb:72:in `call'
  rack (1.4.7) lib/rack/lock.rb:15:in `call'
  actionpack (3.2.3) lib/action_dispatch/middleware/static.rb:62:in `call'
  railties (3.2.3) lib/rails/engine.rb:479:in `call'
  railties (3.2.3) lib/rails/application.rb:220:in `call'
  rack (1.4.7) lib/rack/content_length.rb:14:in `call'
  railties (3.2.3) lib/rails/rack/log_tailer.rb:14:in `call'
  rack (1.4.7) lib/rack/handler/webrick.rb:59:in `service'
  /home/gajanan/.rbenv/versions/1.9.3-p551/lib/ruby/1.9.1/webrick/httpserver.rb:138:in `service'
  /home/gajanan/.rbenv/versions/1.9.3-p551/lib/ruby/1.9.1/webrick/httpserver.rb:94:in `run'
  /home/gajanan/.rbenv/versions/1.9.3-p551/lib/ruby/1.9.1/webrick/server.rb:191:in `block in start_thread'


  Rendered /home/gajanan/.rbenv/versions/1.9.3-p551/lib/ruby/gems/1.9.1/gems/actionpack-3.2.3/lib/action_dispatch/middleware/templates/rescues/routing_error.erb within rescues/layout (0.4ms)


Started GET "/assets/rails.png" for 127.0.0.1 at 2017-06-21 18:04:43 +0530
Served asset /rails.png - 304 Not Modified (1ms)


Started GET "/static_pages/help" for 127.0.0.1 at 2017-06-21 18:04:49 +0530
Processing by StaticPagesController#help as HTML
  Rendered static_pages/help.html.erb within layouts/application (5.8ms)
Compiled custom.css  (2842ms)  (pid 4817)
Compiled application.css  (2891ms)  (pid 4817)
Completed 200 OK in 3103ms (Views: 3102.5ms | ActiveRecord: 0.0ms)


Started GET "/assets/custom.css?body=1" for 127.0.0.1 at 2017-06-21 18:04:52 +0530
Served asset /custom.css - 200 OK (9ms)


Started GET "/assets/application.css?body=1" for 127.0.0.1 at 2017-06-21 18:04:52 +0530
Served asset /application.css - 304 Not Modified (62ms)


Started GET "/assets/static_pages.css?body=1" for 127.0.0.1 at 2017-06-21 18:04:52 +0530
Served asset /static_pages.css - 304 Not Modified (0ms)


Started GET "/assets/application.js?body=1" for 127.0.0.1 at 2017-06-21 18:04:52 +0530
Served asset /application.js - 304 Not Modified (3ms)


Started GET "/assets/static_pages.js?body=1" for 127.0.0.1 at 2017-06-21 18:04:52 +0530
Served asset /static_pages.js - 304 Not Modified (0ms)


Started GET "/assets/jquery_ujs.js?body=1" for 127.0.0.1 at 2017-06-21 18:04:52 +0530
Served asset /jquery_ujs.js - 304 Not Modified (1ms)


Started GET "/assets/jquery.js?body=1" for 127.0.0.1 at 2017-06-21 18:04:52 +0530
Served asset /jquery.js - 304 Not Modified (1ms)


Started GET "/static_pages/home" for 127.0.0.1 at 2017-06-21 18:04:57 +0530
Processing by StaticPagesController#home as HTML
  Rendered static_pages/home.html.erb within layouts/application (68.7ms)
Completed 500 Internal Server Error in 70ms

ActionView::Template::Error (undefined method `to' for #<#<Class:0x00000003f15e70>:0x0000000436e760>):
    5: <a href="http://railstutorial.org/">Ruby on Rails Tutorial</a>
    6: sample application.
    7: </h2>
    8: <%= link to "Sign up now!", '#', class: "btn btn-large btn-primary" %>
    9: </div>
    10: <%= link_to image_tag("rails.png", alt: "Rails"), 'http://rubyonrails.org/' %>
  app/views/static_pages/home.html.erb:8:in `_app_views_static_pages_home_html_erb__430658751683697511_35367420'


  Rendered /home/gajanan/.rbenv/versions/1.9.3-p551/lib/ruby/gems/1.9.1/gems/actionpack-3.2.3/lib/action_dispatch/middleware/templates/rescues/_trace.erb (1.9ms)
  Rendered /home/gajanan/.rbenv/versions/1.9.3-p551/lib/ruby/gems/1.9.1/gems/actionpack-3.2.3/lib/action_dispatch/middleware/templates/rescues/_request_and_response.erb (0.6ms)
  Rendered /home/gajanan/.rbenv/versions/1.9.3-p551/lib/ruby/gems/1.9.1/gems/actionpack-3.2.3/lib/action_dispatch/middleware/templates/rescues/template_error.erb within rescues/layout (14.1ms)


Started GET "/static_pages/home" for 127.0.0.1 at 2017-06-21 18:05:55 +0530
Processing by StaticPagesController#home as HTML
  Rendered static_pages/home.html.erb within layouts/application (0.4ms)
Completed 200 OK in 7ms (Views: 6.9ms | ActiveRecord: 0.0ms)


Started GET "/assets/application.css?body=1" for 127.0.0.1 at 2017-06-21 18:05:55 +0530
Served asset /application.css - 304 Not Modified (1ms)


Started GET "/assets/custom.css?body=1" for 127.0.0.1 at 2017-06-21 18:05:55 +0530
Served asset /custom.css - 304 Not Modified (0ms)


Started GET "/assets/static_pages.css?body=1" for 127.0.0.1 at 2017-06-21 18:05:55 +0530
Served asset /static_pages.css - 304 Not Modified (0ms)


Started GET "/assets/jquery.js?body=1" for 127.0.0.1 at 2017-06-21 18:05:55 +0530
Served asset /jquery.js - 304 Not Modified (0ms)


Started GET "/assets/static_pages.js?body=1" for 127.0.0.1 at 2017-06-21 18:05:55 +0530
Served asset /static_pages.js - 304 Not Modified (0ms)


Started GET "/assets/jquery_ujs.js?body=1" for 127.0.0.1 at 2017-06-21 18:05:55 +0530
Served asset /jquery_ujs.js - 304 Not Modified (0ms)


Started GET "/assets/application.js?body=1" for 127.0.0.1 at 2017-06-21 18:05:55 +0530
Served asset /application.js - 304 Not Modified (0ms)


Started GET "/assets/rails.png" for 127.0.0.1 at 2017-06-21 18:05:55 +0530
Served asset /rails.png - 304 Not Modified (0ms)


Started GET "/static_pages/home" for 127.0.0.1 at 2017-06-21 18:06:37 +0530
Processing by StaticPagesController#home as HTML
  Rendered static_pages/home.html.erb within layouts/application (0.2ms)
Compiled custom.css  (2421ms)  (pid 4817)
Compiled application.css  (4ms)  (pid 4817)
Completed 200 OK in 2517ms (Views: 2516.7ms | ActiveRecord: 0.0ms)


Started GET "/assets/application.css?body=1" for 127.0.0.1 at 2017-06-21 18:06:39 +0530
Served asset /application.css - 304 Not Modified (20ms)


Started GET "/assets/custom.css?body=1" for 127.0.0.1 at 2017-06-21 18:06:39 +0530
Served asset /custom.css - 200 OK (53ms)


Started GET "/assets/static_pages.css?body=1" for 127.0.0.1 at 2017-06-21 18:06:40 +0530
Served asset /static_pages.css - 304 Not Modified (0ms)


Started GET "/assets/jquery.js?body=1" for 127.0.0.1 at 2017-06-21 18:06:40 +0530
Served asset /jquery.js - 304 Not Modified (0ms)


Started GET "/assets/jquery_ujs.js?body=1" for 127.0.0.1 at 2017-06-21 18:06:40 +0530
Served asset /jquery_ujs.js - 304 Not Modified (0ms)


Started GET "/assets/static_pages.js?body=1" for 127.0.0.1 at 2017-06-21 18:06:40 +0530
Served asset /static_pages.js - 304 Not Modified (0ms)


Started GET "/assets/application.js?body=1" for 127.0.0.1 at 2017-06-21 18:06:40 +0530
Served asset /application.js - 304 Not Modified (0ms)


Started GET "/assets/rails.png" for 127.0.0.1 at 2017-06-21 18:06:40 +0530
Served asset /rails.png - 304 Not Modified (0ms)


Started GET "/static_pages/help" for 127.0.0.1 at 2017-06-21 18:06:45 +0530
Processing by StaticPagesController#help as HTML
  Rendered static_pages/help.html.erb within layouts/application (0.0ms)
Completed 200 OK in 7ms (Views: 6.7ms | ActiveRecord: 0.0ms)


Started GET "/assets/application.css?body=1" for 127.0.0.1 at 2017-06-21 18:06:45 +0530
Served asset /application.css - 304 Not Modified (0ms)


Started GET "/assets/custom.css?body=1" for 127.0.0.1 at 2017-06-21 18:06:45 +0530
Served asset /custom.css - 304 Not Modified (0ms)


Started GET "/assets/static_pages.css?body=1" for 127.0.0.1 at 2017-06-21 18:06:45 +0530
Served asset /static_pages.css - 304 Not Modified (0ms)


Started GET "/assets/jquery.js?body=1" for 127.0.0.1 at 2017-06-21 18:06:45 +0530
Served asset /jquery.js - 304 Not Modified (0ms)


Started GET "/assets/jquery_ujs.js?body=1" for 127.0.0.1 at 2017-06-21 18:06:45 +0530
Served asset /jquery_ujs.js - 304 Not Modified (0ms)


Started GET "/assets/static_pages.js?body=1" for 127.0.0.1 at 2017-06-21 18:06:45 +0530
Served asset /static_pages.js - 304 Not Modified (0ms)


Started GET "/assets/application.js?body=1" for 127.0.0.1 at 2017-06-21 18:06:45 +0530
Served asset /application.js - 304 Not Modified (0ms)


Started GET "/assets/rails.png" for 127.0.0.1 at 2017-06-21 18:07:30 +0530
Served asset /rails.png - 304 Not Modified (1ms)


Started GET "/static_pages/help" for 127.0.0.1 at 2017-06-21 18:07:32 +0530
Processing by StaticPagesController#help as HTML
  Rendered static_pages/help.html.erb within layouts/application (28.5ms)
Completed 200 OK in 124ms (Views: 123.9ms | ActiveRecord: 0.0ms)


Started GET "/assets/application.css?body=1" for 127.0.0.1 at 2017-06-21 18:07:32 +0530
Served asset /application.css - 304 Not Modified (13ms)


Started GET "/assets/static_pages.css?body=1" for 127.0.0.1 at 2017-06-21 18:07:32 +0530
Served asset /static_pages.css - 304 Not Modified (0ms)


Started GET "/assets/custom.css?body=1" for 127.0.0.1 at 2017-06-21 18:07:32 +0530
Served asset /custom.css - 304 Not Modified (47ms)


Started GET "/assets/jquery.js?body=1" for 127.0.0.1 at 2017-06-21 18:07:32 +0530
Served asset /jquery.js - 304 Not Modified (9ms)


Started GET "/assets/jquery_ujs.js?body=1" for 127.0.0.1 at 2017-06-21 18:07:32 +0530
Served asset /jquery_ujs.js - 304 Not Modified (2ms)


Started GET "/assets/static_pages.js?body=1" for 127.0.0.1 at 2017-06-21 18:07:32 +0530
Served asset /static_pages.js - 304 Not Modified (0ms)


Started GET "/assets/application.js?body=1" for 127.0.0.1 at 2017-06-21 18:07:32 +0530
Served asset /application.js - 304 Not Modified (7ms)


Started GET "/static_pages/home" for 127.0.0.1 at 2017-06-21 18:07:39 +0530
Processing by StaticPagesController#home as HTML
  Rendered static_pages/home.html.erb within layouts/application (3.3ms)
Completed 200 OK in 8ms (Views: 7.2ms | ActiveRecord: 0.0ms)


Started GET "/assets/application.css?body=1" for 127.0.0.1 at 2017-06-21 18:07:39 +0530
Served asset /application.css - 304 Not Modified (1ms)


Started GET "/assets/custom.css?body=1" for 127.0.0.1 at 2017-06-21 18:07:39 +0530
Served asset /custom.css - 304 Not Modified (46ms)


Started GET "/assets/static_pages.css?body=1" for 127.0.0.1 at 2017-06-21 18:07:39 +0530
Served asset /static_pages.css - 304 Not Modified (0ms)


Started GET "/assets/jquery_ujs.js?body=1" for 127.0.0.1 at 2017-06-21 18:07:39 +0530
Served asset /jquery_ujs.js - 304 Not Modified (0ms)


Started GET "/assets/jquery.js?body=1" for 127.0.0.1 at 2017-06-21 18:07:39 +0530
Served asset /jquery.js - 304 Not Modified (0ms)


Started GET "/assets/static_pages.js?body=1" for 127.0.0.1 at 2017-06-21 18:07:39 +0530
Served asset /static_pages.js - 304 Not Modified (0ms)


Started GET "/assets/application.js?body=1" for 127.0.0.1 at 2017-06-21 18:07:39 +0530
Served asset /application.js - 304 Not Modified (0ms)


Started GET "/assets/rails.png" for 127.0.0.1 at 2017-06-21 18:07:39 +0530
Served asset /rails.png - 304 Not Modified (0ms)


Started GET "/static_pages/home" for 127.0.0.1 at 2017-06-21 18:08:00 +0530
Processing by StaticPagesController#home as HTML
  Rendered static_pages/home.html.erb within layouts/application (0.2ms)
Compiled custom.css  (2674ms)  (pid 5132)
Compiled application.css  (0ms)  (pid 5132)
Completed 200 OK in 2733ms (Views: 2732.8ms | ActiveRecord: 0.0ms)


Started GET "/assets/application.css?body=1" for 127.0.0.1 at 2017-06-21 18:08:03 +0530
Served asset /application.css - 304 Not Modified (71ms)


Started GET "/assets/custom.css?body=1" for 127.0.0.1 at 2017-06-21 18:08:03 +0530
Served asset /custom.css - 200 OK (12ms)


Started GET "/assets/static_pages.css?body=1" for 127.0.0.1 at 2017-06-21 18:08:03 +0530
Served asset /static_pages.css - 304 Not Modified (0ms)


Started GET "/assets/jquery.js?body=1" for 127.0.0.1 at 2017-06-21 18:08:03 +0530
Served asset /jquery.js - 304 Not Modified (0ms)


Started GET "/assets/jquery_ujs.js?body=1" for 127.0.0.1 at 2017-06-21 18:08:03 +0530
Served asset /jquery_ujs.js - 304 Not Modified (0ms)


Started GET "/assets/static_pages.js?body=1" for 127.0.0.1 at 2017-06-21 18:08:03 +0530
Served asset /static_pages.js - 304 Not Modified (0ms)


Started GET "/assets/application.js?body=1" for 127.0.0.1 at 2017-06-21 18:08:03 +0530
Served asset /application.js - 304 Not Modified (0ms)


Started GET "/assets/rails.png" for 127.0.0.1 at 2017-06-21 18:08:03 +0530
Served asset /rails.png - 304 Not Modified (0ms)


Started GET "/static_pages/help" for 127.0.0.1 at 2017-06-21 18:08:07 +0530
Processing by StaticPagesController#help as HTML
  Rendered static_pages/help.html.erb within layouts/application (0.1ms)
Completed 200 OK in 6ms (Views: 5.5ms | ActiveRecord: 0.0ms)


Started GET "/assets/application.css?body=1" for 127.0.0.1 at 2017-06-21 18:08:07 +0530
Served asset /application.css - 304 Not Modified (0ms)


Started GET "/assets/custom.css?body=1" for 127.0.0.1 at 2017-06-21 18:08:07 +0530
Served asset /custom.css - 304 Not Modified (0ms)


Started GET "/assets/static_pages.css?body=1" for 127.0.0.1 at 2017-06-21 18:08:07 +0530
Served asset /static_pages.css - 304 Not Modified (0ms)


Started GET "/assets/jquery.js?body=1" for 127.0.0.1 at 2017-06-21 18:08:07 +0530
Served asset /jquery.js - 304 Not Modified (0ms)


Started GET "/assets/jquery_ujs.js?body=1" for 127.0.0.1 at 2017-06-21 18:08:07 +0530
Served asset /jquery_ujs.js - 304 Not Modified (0ms)


Started GET "/assets/static_pages.js?body=1" for 127.0.0.1 at 2017-06-21 18:08:07 +0530
Served asset /static_pages.js - 304 Not Modified (0ms)


Started GET "/assets/application.js?body=1" for 127.0.0.1 at 2017-06-21 18:08:07 +0530
Served asset /application.js - 304 Not Modified (39ms)


Started GET "/static_pages/help" for 127.0.0.1 at 2017-06-21 18:08:11 +0530
Processing by StaticPagesController#help as HTML
  Rendered static_pages/help.html.erb within layouts/application (0.1ms)
Completed 200 OK in 9ms (Views: 9.1ms | ActiveRecord: 0.0ms)


Started GET "/assets/application.css?body=1" for 127.0.0.1 at 2017-06-21 18:08:11 +0530
Served asset /application.css - 304 Not Modified (0ms)


Started GET "/assets/custom.css?body=1" for 127.0.0.1 at 2017-06-21 18:08:11 +0530
Served asset /custom.css - 304 Not Modified (0ms)


Started GET "/assets/static_pages.css?body=1" for 127.0.0.1 at 2017-06-21 18:08:11 +0530
Served asset /static_pages.css - 304 Not Modified (0ms)


Started GET "/assets/jquery.js?body=1" for 127.0.0.1 at 2017-06-21 18:08:11 +0530
Served asset /jquery.js - 304 Not Modified (0ms)


Started GET "/assets/jquery_ujs.js?body=1" for 127.0.0.1 at 2017-06-21 18:08:11 +0530
Served asset /jquery_ujs.js - 304 Not Modified (0ms)


Started GET "/assets/static_pages.js?body=1" for 127.0.0.1 at 2017-06-21 18:08:11 +0530
Served asset /static_pages.js - 304 Not Modified (0ms)


Started GET "/assets/application.js?body=1" for 127.0.0.1 at 2017-06-21 18:08:11 +0530
Served asset /application.js - 304 Not Modified (0ms)


Started GET "/static_pages/help" for 127.0.0.1 at 2017-06-21 18:10:00 +0530
Processing by StaticPagesController#help as HTML
  Rendered static_pages/help.html.erb within layouts/application (0.0ms)
Compiled custom.css  (2602ms)  (pid 5132)
Compiled application.css  (0ms)  (pid 5132)
Completed 200 OK in 2711ms (Views: 2711.1ms | ActiveRecord: 0.0ms)


Started GET "/assets/application.css?body=1" for 127.0.0.1 at 2017-06-21 18:10:03 +0530
Served asset /application.css - 304 Not Modified (29ms)


Started GET "/assets/custom.css?body=1" for 127.0.0.1 at 2017-06-21 18:10:03 +0530
Served asset /custom.css - 200 OK (64ms)


Started GET "/assets/static_pages.css?body=1" for 127.0.0.1 at 2017-06-21 18:10:03 +0530
Served asset /static_pages.css - 304 Not Modified (0ms)


Started GET "/assets/jquery.js?body=1" for 127.0.0.1 at 2017-06-21 18:10:03 +0530
Served asset /jquery.js - 304 Not Modified (0ms)


Started GET "/assets/jquery_ujs.js?body=1" for 127.0.0.1 at 2017-06-21 18:10:03 +0530
Served asset /jquery_ujs.js - 304 Not Modified (0ms)


Started GET "/assets/static_pages.js?body=1" for 127.0.0.1 at 2017-06-21 18:10:03 +0530
Served asset /static_pages.js - 304 Not Modified (0ms)


Started GET "/assets/application.js?body=1" for 127.0.0.1 at 2017-06-21 18:10:03 +0530
Served asset /application.js - 304 Not Modified (0ms)


Started GET "/static_pages/help" for 127.0.0.1 at 2017-06-21 18:10:33 +0530
Processing by StaticPagesController#help as HTML
  Rendered static_pages/help.html.erb within layouts/application (0.1ms)
Compiled custom.css  (2551ms)  (pid 5132)
Compiled application.css  (4ms)  (pid 5132)
Completed 200 OK in 2680ms (Views: 2679.3ms | ActiveRecord: 0.0ms)


Started GET "/assets/application.css?body=1" for 127.0.0.1 at 2017-06-21 18:10:36 +0530
Served asset /application.css - 304 Not Modified (20ms)


Started GET "/assets/custom.css?body=1" for 127.0.0.1 at 2017-06-21 18:10:36 +0530
Served asset /custom.css - 200 OK (48ms)


Started GET "/assets/static_pages.css?body=1" for 127.0.0.1 at 2017-06-21 18:10:36 +0530
Served asset /static_pages.css - 304 Not Modified (0ms)


Started GET "/assets/jquery.js?body=1" for 127.0.0.1 at 2017-06-21 18:10:36 +0530
Served asset /jquery.js - 304 Not Modified (0ms)


Started GET "/assets/jquery_ujs.js?body=1" for 127.0.0.1 at 2017-06-21 18:10:36 +0530
Served asset /jquery_ujs.js - 304 Not Modified (0ms)


Started GET "/assets/static_pages.js?body=1" for 127.0.0.1 at 2017-06-21 18:10:36 +0530
Served asset /static_pages.js - 304 Not Modified (0ms)


Started GET "/assets/application.js?body=1" for 127.0.0.1 at 2017-06-21 18:10:36 +0530
Served asset /application.js - 304 Not Modified (0ms)


Started GET "/static_pages/help" for 127.0.0.1 at 2017-06-21 18:11:17 +0530
Processing by StaticPagesController#help as HTML
  Rendered static_pages/help.html.erb within layouts/application (0.0ms)
Compiled custom.css  (2628ms)  (pid 5132)
Compiled application.css  (0ms)  (pid 5132)
Completed 200 OK in 2793ms (Views: 2793.4ms | ActiveRecord: 0.0ms)


Started GET "/assets/application.css?body=1" for 127.0.0.1 at 2017-06-21 18:11:20 +0530
Served asset /application.css - 304 Not Modified (21ms)


Started GET "/assets/custom.css?body=1" for 127.0.0.1 at 2017-06-21 18:11:20 +0530
Served asset /custom.css - 200 OK (48ms)


Started GET "/assets/static_pages.css?body=1" for 127.0.0.1 at 2017-06-21 18:11:20 +0530
Served asset /static_pages.css - 304 Not Modified (0ms)


Started GET "/assets/jquery_ujs.js?body=1" for 127.0.0.1 at 2017-06-21 18:11:20 +0530
Served asset /jquery_ujs.js - 304 Not Modified (0ms)


Started GET "/assets/jquery.js?body=1" for 127.0.0.1 at 2017-06-21 18:11:20 +0530
Served asset /jquery.js - 304 Not Modified (0ms)


Started GET "/assets/static_pages.js?body=1" for 127.0.0.1 at 2017-06-21 18:11:20 +0530
Served asset /static_pages.js - 304 Not Modified (0ms)


Started GET "/assets/application.js?body=1" for 127.0.0.1 at 2017-06-21 18:11:20 +0530
Served asset /application.js - 304 Not Modified (0ms)


Started GET "/static_pages/help" for 127.0.0.1 at 2017-06-21 18:11:24 +0530
Processing by StaticPagesController#help as HTML
  Rendered static_pages/help.html.erb within layouts/application (0.1ms)
Completed 200 OK in 9ms (Views: 9.3ms | ActiveRecord: 0.0ms)


Started GET "/assets/application.css?body=1" for 127.0.0.1 at 2017-06-21 18:11:24 +0530
Served asset /application.css - 304 Not Modified (0ms)


Started GET "/assets/custom.css?body=1" for 127.0.0.1 at 2017-06-21 18:11:24 +0530
Served asset /custom.css - 304 Not Modified (4ms)


Started GET "/assets/static_pages.css?body=1" for 127.0.0.1 at 2017-06-21 18:11:24 +0530
Served asset /static_pages.css - 304 Not Modified (0ms)


Started GET "/assets/jquery.js?body=1" for 127.0.0.1 at 2017-06-21 18:11:24 +0530
Served asset /jquery.js - 304 Not Modified (0ms)


Started GET "/assets/jquery_ujs.js?body=1" for 127.0.0.1 at 2017-06-21 18:11:24 +0530
Served asset /jquery_ujs.js - 304 Not Modified (0ms)


Started GET "/assets/application.js?body=1" for 127.0.0.1 at 2017-06-21 18:11:24 +0530
Served asset /application.js - 304 Not Modified (0ms)


Started GET "/assets/static_pages.js?body=1" for 127.0.0.1 at 2017-06-21 18:11:24 +0530
Served asset /static_pages.js - 304 Not Modified (0ms)


Started GET "/static_pages/help" for 127.0.0.1 at 2017-06-21 18:11:42 +0530
Processing by StaticPagesController#help as HTML
  Rendered static_pages/help.html.erb within layouts/application (50.1ms)
Completed 200 OK in 129ms (Views: 129.1ms | ActiveRecord: 0.0ms)


Started GET "/assets/application.css?body=1" for 127.0.0.1 at 2017-06-21 18:11:43 +0530
Served asset /application.css - 304 Not Modified (41ms)


Started GET "/assets/custom.css?body=1" for 127.0.0.1 at 2017-06-21 18:11:43 +0530
Served asset /custom.css - 304 Not Modified (57ms)


Started GET "/assets/static_pages.css?body=1" for 127.0.0.1 at 2017-06-21 18:11:44 +0530
Served asset /static_pages.css - 304 Not Modified (1ms)


Started GET "/assets/jquery.js?body=1" for 127.0.0.1 at 2017-06-21 18:11:44 +0530
Served asset /jquery.js - 304 Not Modified (2ms)


Started GET "/assets/jquery_ujs.js?body=1" for 127.0.0.1 at 2017-06-21 18:11:44 +0530
Served asset /jquery_ujs.js - 304 Not Modified (1ms)


Started GET "/assets/static_pages.js?body=1" for 127.0.0.1 at 2017-06-21 18:11:44 +0530
Served asset /static_pages.js - 304 Not Modified (0ms)


Started GET "/assets/application.js?body=1" for 127.0.0.1 at 2017-06-21 18:11:44 +0530
Served asset /application.js - 304 Not Modified (7ms)


Started GET "/static_pages/help" for 127.0.0.1 at 2017-06-21 18:15:08 +0530
Processing by StaticPagesController#help as HTML
  Rendered static_pages/help.html.erb within layouts/application (0.0ms)
Completed 500 Internal Server Error in 96ms

ActionView::Template::Error (Missing partial layouts/shim with {:locale=>[:en], :formats=>[:html], :handlers=>[:erb, :builder, :coffee]}. Searched in:
  * "/home/gajanan/rails_project/sample_app/app/views"
):
    5: <%= stylesheet_link_tag "application", media: "all" %>
    6: <%= javascript_include_tag "application" %>
    7: <%= csrf_meta_tags %>
    8: <%= render 'layouts/shim' %>
    9: <!--[if lt IE 9]>
    10: <script src="http://html5shim.googlecode.com/svn/trunk/html5.js"></script>
    11: <![endif]-->
  app/views/layouts/application.html.erb:8:in `_app_views_layouts_application_html_erb__2307952122244544899_27216980'


  Rendered /home/gajanan/.rbenv/versions/1.9.3-p551/lib/ruby/gems/1.9.1/gems/actionpack-3.2.3/lib/action_dispatch/middleware/templates/rescues/_trace.erb (4.6ms)
  Rendered /home/gajanan/.rbenv/versions/1.9.3-p551/lib/ruby/gems/1.9.1/gems/actionpack-3.2.3/lib/action_dispatch/middleware/templates/rescues/_request_and_response.erb (0.7ms)
  Rendered /home/gajanan/.rbenv/versions/1.9.3-p551/lib/ruby/gems/1.9.1/gems/actionpack-3.2.3/lib/action_dispatch/middleware/templates/rescues/template_error.erb within rescues/layout (18.9ms)


Started GET "/static_pages/help" for 127.0.0.1 at 2017-06-21 18:16:55 +0530
Processing by StaticPagesController#help as HTML
  Rendered static_pages/help.html.erb within layouts/application (0.1ms)
  Rendered layouts/_shim.html.erb (0.2ms)
Completed 500 Internal Server Error in 19ms

ActionView::Template::Error (Missing partial layouts/header with {:locale=>[:en], :formats=>[:html], :handlers=>[:erb, :builder, :coffee]}. Searched in:
  * "/home/gajanan/rails_project/sample_app/app/views"
):
    11: <![endif]-->
    12: </head>
    13: <body>
    14: <%= render 'layouts/header' %>
    15: <header class="navbar_navbar-fixed-top">
    16: <div class="navbar-inner">
    17: <div class="container">
  app/views/layouts/application.html.erb:14:in `_app_views_layouts_application_html_erb__2307952122244544899_27216980'


  Rendered /home/gajanan/.rbenv/versions/1.9.3-p551/lib/ruby/gems/1.9.1/gems/actionpack-3.2.3/lib/action_dispatch/middleware/templates/rescues/_trace.erb (10.8ms)
  Rendered /home/gajanan/.rbenv/versions/1.9.3-p551/lib/ruby/gems/1.9.1/gems/actionpack-3.2.3/lib/action_dispatch/middleware/templates/rescues/_request_and_response.erb (0.7ms)
  Rendered /home/gajanan/.rbenv/versions/1.9.3-p551/lib/ruby/gems/1.9.1/gems/actionpack-3.2.3/lib/action_dispatch/middleware/templates/rescues/template_error.erb within rescues/layout (49.7ms)


Started GET "/static_pages/help" for 127.0.0.1 at 2017-06-21 18:21:08 +0530
Processing by StaticPagesController#help as HTML
  Rendered static_pages/help.html.erb within layouts/application (0.1ms)
  Rendered layouts/_shim.html.erb (0.0ms)
  Rendered layouts/_header.html.erb (0.2ms)
Completed 500 Internal Server Error in 38ms

ActionView::Template::Error (undefined method `to' for #<#<Class:0x0000000337e2d8>:0x000000027f5bc8>):
    15: <header class="navbar_navbar-fixed-top">
    16: <div class="navbar-inner">
    17: <div class="container">
    18: <%= link to "sample app", '#', id: "logo" %>
    19: <nav>
    20: <ul class="nav pull-right">
    21: <li><%= link_to "Home",'#' %></li>
  app/views/layouts/application.html.erb:18:in `_app_views_layouts_application_html_erb__2307952122244544899_27216980'


  Rendered /home/gajanan/.rbenv/versions/1.9.3-p551/lib/ruby/gems/1.9.1/gems/actionpack-3.2.3/lib/action_dispatch/middleware/templates/rescues/_trace.erb (1.7ms)
  Rendered /home/gajanan/.rbenv/versions/1.9.3-p551/lib/ruby/gems/1.9.1/gems/actionpack-3.2.3/lib/action_dispatch/middleware/templates/rescues/_request_and_response.erb (0.6ms)
  Rendered /home/gajanan/.rbenv/versions/1.9.3-p551/lib/ruby/gems/1.9.1/gems/actionpack-3.2.3/lib/action_dispatch/middleware/templates/rescues/template_error.erb within rescues/layout (15.9ms)


Started GET "/static_pages/help" for 127.0.0.1 at 2017-06-21 18:21:53 +0530
Processing by StaticPagesController#help as HTML
  Rendered static_pages/help.html.erb within layouts/application (0.0ms)
  Rendered layouts/_shim.html.erb (0.0ms)
  Rendered layouts/_header.html.erb (0.0ms)
Completed 200 OK in 15ms (Views: 14.7ms | ActiveRecord: 0.0ms)


Started GET "/assets/application.css?body=1" for 127.0.0.1 at 2017-06-21 18:21:53 +0530
Served asset /application.css - 304 Not Modified (0ms)


Started GET "/assets/custom.css?body=1" for 127.0.0.1 at 2017-06-21 18:21:53 +0530
Served asset /custom.css - 304 Not Modified (0ms)


Started GET "/assets/static_pages.css?body=1" for 127.0.0.1 at 2017-06-21 18:21:53 +0530
Served asset /static_pages.css - 304 Not Modified (0ms)


Started GET "/assets/jquery.js?body=1" for 127.0.0.1 at 2017-06-21 18:21:53 +0530
Served asset /jquery.js - 304 Not Modified (0ms)


Started GET "/assets/jquery_ujs.js?body=1" for 127.0.0.1 at 2017-06-21 18:21:53 +0530
Served asset /jquery_ujs.js - 304 Not Modified (0ms)


Started GET "/assets/static_pages.js?body=1" for 127.0.0.1 at 2017-06-21 18:21:53 +0530
Served asset /static_pages.js - 304 Not Modified (0ms)


Started GET "/assets/application.js?body=1" for 127.0.0.1 at 2017-06-21 18:21:53 +0530
Served asset /application.js - 304 Not Modified (0ms)


Started GET "/static_pages/help" for 127.0.0.1 at 2017-06-21 18:23:45 +0530
Processing by StaticPagesController#help as HTML
  Rendered static_pages/help.html.erb within layouts/application (0.1ms)
  Rendered layouts/_shim.html.erb (0.0ms)
  Rendered layouts/_header.html.erb (0.0ms)
Completed 200 OK in 20ms (Views: 19.4ms | ActiveRecord: 0.0ms)


Started GET "/assets/application.css?body=1" for 127.0.0.1 at 2017-06-21 18:23:45 +0530
Served asset /application.css - 304 Not Modified (0ms)


Started GET "/assets/custom.css?body=1" for 127.0.0.1 at 2017-06-21 18:23:45 +0530
Served asset /custom.css - 304 Not Modified (39ms)


Started GET "/assets/static_pages.css?body=1" for 127.0.0.1 at 2017-06-21 18:23:45 +0530
Served asset /static_pages.css - 304 Not Modified (0ms)


Started GET "/assets/jquery.js?body=1" for 127.0.0.1 at 2017-06-21 18:23:45 +0530
Served asset /jquery.js - 304 Not Modified (0ms)


Started GET "/assets/jquery_ujs.js?body=1" for 127.0.0.1 at 2017-06-21 18:23:45 +0530
Served asset /jquery_ujs.js - 304 Not Modified (0ms)


Started GET "/assets/application.js?body=1" for 127.0.0.1 at 2017-06-21 18:23:45 +0530
Served asset /application.js - 304 Not Modified (3ms)


Started GET "/assets/static_pages.js?body=1" for 127.0.0.1 at 2017-06-21 18:23:45 +0530
Served asset /static_pages.js - 304 Not Modified (0ms)


Started GET "/static_pages/help" for 127.0.0.1 at 2017-06-21 18:32:30 +0530
Processing by StaticPagesController#help as HTML
  Rendered static_pages/help.html.erb within layouts/application (0.0ms)
  Rendered layouts/_shim.html.erb (0.0ms)
  Rendered layouts/_header.html.erb (0.0ms)
Completed 200 OK in 21ms (Views: 20.8ms | ActiveRecord: 0.0ms)


Started GET "/assets/application.css?body=1" for 127.0.0.1 at 2017-06-21 18:32:30 +0530
Served asset /application.css - 304 Not Modified (0ms)


Started GET "/assets/custom.css?body=1" for 127.0.0.1 at 2017-06-21 18:32:30 +0530
Served asset /custom.css - 304 Not Modified (0ms)


Started GET "/assets/static_pages.css?body=1" for 127.0.0.1 at 2017-06-21 18:32:30 +0530
Served asset /static_pages.css - 304 Not Modified (0ms)


Started GET "/assets/jquery.js?body=1" for 127.0.0.1 at 2017-06-21 18:32:30 +0530
Served asset /jquery.js - 304 Not Modified (1ms)


Started GET "/assets/jquery_ujs.js?body=1" for 127.0.0.1 at 2017-06-21 18:32:30 +0530
Served asset /jquery_ujs.js - 304 Not Modified (0ms)


Started GET "/assets/application.js?body=1" for 127.0.0.1 at 2017-06-21 18:32:30 +0530
Served asset /application.js - 304 Not Modified (1ms)


Started GET "/assets/static_pages.js?body=1" for 127.0.0.1 at 2017-06-21 18:32:30 +0530
Served asset /static_pages.js - 304 Not Modified (0ms)


Started GET "/static_pages/help" for 127.0.0.1 at 2017-06-21 18:32:33 +0530
Processing by StaticPagesController#help as HTML
  Rendered static_pages/help.html.erb within layouts/application (0.0ms)
  Rendered layouts/_shim.html.erb (0.0ms)
  Rendered layouts/_header.html.erb (0.0ms)
Completed 200 OK in 56ms (Views: 55.9ms | ActiveRecord: 0.0ms)


Started GET "/assets/application.css?body=1" for 127.0.0.1 at 2017-06-21 18:32:33 +0530
Served asset /application.css - 304 Not Modified (0ms)


Started GET "/assets/custom.css?body=1" for 127.0.0.1 at 2017-06-21 18:32:33 +0530
Served asset /custom.css - 304 Not Modified (0ms)


Started GET "/assets/jquery.js?body=1" for 127.0.0.1 at 2017-06-21 18:32:33 +0530
Served asset /jquery.js - 304 Not Modified (0ms)


Started GET "/assets/static_pages.css?body=1" for 127.0.0.1 at 2017-06-21 18:32:33 +0530
Served asset /static_pages.css - 304 Not Modified (0ms)


Started GET "/assets/jquery_ujs.js?body=1" for 127.0.0.1 at 2017-06-21 18:32:33 +0530
Served asset /jquery_ujs.js - 304 Not Modified (0ms)


Started GET "/assets/application.js?body=1" for 127.0.0.1 at 2017-06-21 18:32:33 +0530
Served asset /application.js - 304 Not Modified (0ms)


Started GET "/assets/static_pages.js?body=1" for 127.0.0.1 at 2017-06-21 18:32:33 +0530
Served asset /static_pages.js - 304 Not Modified (0ms)


Started GET "/static_pages/help" for 127.0.0.1 at 2017-06-21 18:32:59 +0530
Processing by StaticPagesController#help as HTML
  Rendered static_pages/help.html.erb within layouts/application (0.0ms)
  Rendered layouts/_shim.html.erb (0.0ms)
  Rendered layouts/_header.html.erb (0.0ms)
Completed 200 OK in 12ms (Views: 12.3ms | ActiveRecord: 0.0ms)


Started GET "/assets/application.css?body=1" for 127.0.0.1 at 2017-06-21 18:32:59 +0530
Served asset /application.css - 304 Not Modified (0ms)


Started GET "/assets/custom.css?body=1" for 127.0.0.1 at 2017-06-21 18:32:59 +0530
Served asset /custom.css - 304 Not Modified (37ms)


Started GET "/assets/static_pages.css?body=1" for 127.0.0.1 at 2017-06-21 18:32:59 +0530
Served asset /static_pages.css - 304 Not Modified (0ms)


Started GET "/assets/jquery.js?body=1" for 127.0.0.1 at 2017-06-21 18:32:59 +0530
Served asset /jquery.js - 304 Not Modified (0ms)


Started GET "/assets/jquery_ujs.js?body=1" for 127.0.0.1 at 2017-06-21 18:32:59 +0530
Served asset /jquery_ujs.js - 304 Not Modified (0ms)


Started GET "/assets/application.js?body=1" for 127.0.0.1 at 2017-06-21 18:32:59 +0530
Served asset /application.js - 304 Not Modified (4ms)


Started GET "/assets/static_pages.js?body=1" for 127.0.0.1 at 2017-06-21 18:32:59 +0530
Served asset /static_pages.js - 304 Not Modified (0ms)


Started GET "/static_pages/help" for 127.0.0.1 at 2017-06-21 18:34:25 +0530
Processing by StaticPagesController#help as HTML
  Rendered static_pages/help.html.erb within layouts/application (0.0ms)
  Rendered layouts/_shim.html.erb (0.0ms)
  Rendered layouts/_header.html.erb (0.0ms)
  Rendered layouts/_footer.html.erb (0.4ms)
Completed 200 OK in 17ms (Views: 16.7ms | ActiveRecord: 0.0ms)


Started GET "/assets/application.css?body=1" for 127.0.0.1 at 2017-06-21 18:34:25 +0530
Served asset /application.css - 304 Not Modified (0ms)


Started GET "/assets/custom.css?body=1" for 127.0.0.1 at 2017-06-21 18:34:25 +0530
Served asset /custom.css - 304 Not Modified (3ms)


Started GET "/assets/static_pages.css?body=1" for 127.0.0.1 at 2017-06-21 18:34:25 +0530
Served asset /static_pages.css - 304 Not Modified (0ms)


Started GET "/assets/jquery.js?body=1" for 127.0.0.1 at 2017-06-21 18:34:25 +0530
Served asset /jquery.js - 304 Not Modified (0ms)


Started GET "/assets/static_pages.js?body=1" for 127.0.0.1 at 2017-06-21 18:34:25 +0530
Served asset /static_pages.js - 304 Not Modified (0ms)


Started GET "/assets/jquery_ujs.js?body=1" for 127.0.0.1 at 2017-06-21 18:34:25 +0530
Served asset /jquery_ujs.js - 304 Not Modified (0ms)


Started GET "/assets/application.js?body=1" for 127.0.0.1 at 2017-06-21 18:34:25 +0530
Served asset /application.js - 304 Not Modified (0ms)


Started GET "/static_pages/help" for 127.0.0.1 at 2017-06-21 18:44:39 +0530
Processing by StaticPagesController#help as HTML
  Rendered static_pages/help.html.erb within layouts/application (0.0ms)
Compiled custom.css  (2897ms)  (pid 5394)
Compiled application.css  (0ms)  (pid 5394)
  Rendered layouts/_shim.html.erb (0.0ms)
  Rendered layouts/_header.html.erb (0.0ms)
  Rendered layouts/_footer.html.erb (0.1ms)
Completed 200 OK in 2954ms (Views: 2949.9ms | ActiveRecord: 0.0ms)


Started GET "/assets/application.css?body=1" for 127.0.0.1 at 2017-06-21 18:44:42 +0530
Served asset /application.css - 304 Not Modified (87ms)


Started GET "/assets/custom.css?body=1" for 127.0.0.1 at 2017-06-21 18:44:43 +0530
Served asset /custom.css - 200 OK (7ms)


Started GET "/assets/static_pages.css?body=1" for 127.0.0.1 at 2017-06-21 18:44:43 +0530
Served asset /static_pages.css - 304 Not Modified (0ms)


Started GET "/assets/jquery.js?body=1" for 127.0.0.1 at 2017-06-21 18:44:43 +0530
Served asset /jquery.js - 304 Not Modified (0ms)


Started GET "/assets/jquery_ujs.js?body=1" for 127.0.0.1 at 2017-06-21 18:44:43 +0530
Served asset /jquery_ujs.js - 304 Not Modified (0ms)


Started GET "/assets/static_pages.js?body=1" for 127.0.0.1 at 2017-06-21 18:44:43 +0530
Served asset /static_pages.js - 304 Not Modified (0ms)


Started GET "/assets/application.js?body=1" for 127.0.0.1 at 2017-06-21 18:44:43 +0530
Served asset /application.js - 304 Not Modified (0ms)


Started GET "/static_pages/help" for 127.0.0.1 at 2017-06-21 18:45:16 +0530
Processing by StaticPagesController#help as HTML
  Rendered static_pages/help.html.erb within layouts/application (0.0ms)
Compiled custom.css  (2659ms)  (pid 5394)
Compiled application.css  (0ms)  (pid 5394)
  Rendered layouts/_shim.html.erb (0.0ms)
  Rendered layouts/_header.html.erb (0.0ms)
  Rendered layouts/_footer.html.erb (0.1ms)
Completed 200 OK in 2720ms (Views: 2720.3ms | ActiveRecord: 0.0ms)


Started GET "/assets/application.css?body=1" for 127.0.0.1 at 2017-06-21 18:45:19 +0530
Served asset /application.css - 304 Not Modified (73ms)


Started GET "/assets/custom.css?body=1" for 127.0.0.1 at 2017-06-21 18:45:19 +0530
Served asset /custom.css - 200 OK (15ms)


Started GET "/assets/jquery_ujs.js?body=1" for 127.0.0.1 at 2017-06-21 18:45:19 +0530
Served asset /jquery_ujs.js - 304 Not Modified (0ms)


Started GET "/assets/jquery.js?body=1" for 127.0.0.1 at 2017-06-21 18:45:19 +0530
Served asset /jquery.js - 304 Not Modified (8ms)


Started GET "/assets/static_pages.css?body=1" for 127.0.0.1 at 2017-06-21 18:45:19 +0530
Served asset /static_pages.css - 304 Not Modified (0ms)


Started GET "/assets/static_pages.js?body=1" for 127.0.0.1 at 2017-06-21 18:45:19 +0530
Served asset /static_pages.js - 304 Not Modified (0ms)


Started GET "/assets/application.js?body=1" for 127.0.0.1 at 2017-06-21 18:45:19 +0530
Served asset /application.js - 304 Not Modified (0ms)


Started GET "/static_pages/home" for 127.0.0.1 at 2017-06-21 18:45:40 +0530
Processing by StaticPagesController#home as HTML
  Rendered static_pages/home.html.erb within layouts/application (2.7ms)
  Rendered layouts/_shim.html.erb (0.0ms)
  Rendered layouts/_header.html.erb (0.0ms)
  Rendered layouts/_footer.html.erb (0.1ms)
Completed 200 OK in 17ms (Views: 17.0ms | ActiveRecord: 0.0ms)


Started GET "/assets/application.css?body=1" for 127.0.0.1 at 2017-06-21 18:45:40 +0530
Served asset /application.css - 304 Not Modified (39ms)


Started GET "/assets/custom.css?body=1" for 127.0.0.1 at 2017-06-21 18:45:40 +0530
Served asset /custom.css - 304 Not Modified (11ms)


Started GET "/assets/static_pages.css?body=1" for 127.0.0.1 at 2017-06-21 18:45:40 +0530
Served asset /static_pages.css - 304 Not Modified (0ms)


Started GET "/assets/jquery.js?body=1" for 127.0.0.1 at 2017-06-21 18:45:40 +0530
Served asset /jquery.js - 304 Not Modified (0ms)


Started GET "/assets/jquery_ujs.js?body=1" for 127.0.0.1 at 2017-06-21 18:45:40 +0530
Served asset /jquery_ujs.js - 304 Not Modified (0ms)


Started GET "/assets/static_pages.js?body=1" for 127.0.0.1 at 2017-06-21 18:45:40 +0530
Served asset /static_pages.js - 304 Not Modified (0ms)


Started GET "/assets/application.js?body=1" for 127.0.0.1 at 2017-06-21 18:45:40 +0530
Served asset /application.js - 304 Not Modified (3ms)


Started GET "/assets/rails.png" for 127.0.0.1 at 2017-06-21 18:45:40 +0530
Served asset /rails.png - 304 Not Modified (0ms)
  [1m[36m (0.1ms)[0m  [1mselect sqlite_version(*)[0m
  [1m[35m (66.7ms)[0m  CREATE TABLE "schema_migrations" ("version" varchar(255) NOT NULL) 
  [1m[36m (0.3ms)[0m  [1mPRAGMA index_list("schema_migrations")[0m
  [1m[35m (10.3ms)[0m  CREATE UNIQUE INDEX "unique_schema_migrations" ON "schema_migrations" ("version")
  [1m[36m (0.2ms)[0m  [1mSELECT "schema_migrations"."version" FROM "schema_migrations" [0m
  [1m[36m (0.1ms)[0m  [1mSELECT "schema_migrations"."version" FROM "schema_migrations" [0m
  [1m[36m (0.1ms)[0m  [1mSELECT "schema_migrations"."version" FROM "schema_migrations" [0m


Started GET "/" for 127.0.0.1 at 2017-06-22 13:09:25 +0530
Processing by StaticPagesController#home as HTML
  Rendered static_pages/home.html.erb within layouts/application (2.5ms)
  Rendered layouts/_shim.html.erb (0.2ms)
  Rendered layouts/_header.html.erb (0.8ms)
  Rendered layouts/_footer.html.erb (2.0ms)
Completed 200 OK in 141ms (Views: 140.4ms | ActiveRecord: 0.0ms)


Started GET "/assets/application.css?body=1" for 127.0.0.1 at 2017-06-22 13:09:26 +0530
Served asset /application.css - 304 Not Modified (17ms)


Started GET "/assets/custom.css?body=1" for 127.0.0.1 at 2017-06-22 13:09:26 +0530
Served asset /custom.css - 304 Not Modified (7ms)


Started GET "/assets/static_pages.css?body=1" for 127.0.0.1 at 2017-06-22 13:09:26 +0530
Served asset /static_pages.css - 304 Not Modified (4ms)


Started GET "/assets/users.css?body=1" for 127.0.0.1 at 2017-06-22 13:09:26 +0530
Served asset /users.css - 304 Not Modified (5ms)


Started GET "/assets/jquery.js?body=1" for 127.0.0.1 at 2017-06-22 13:09:26 +0530
Served asset /jquery.js - 304 Not Modified (6ms)


Started GET "/assets/jquery_ujs.js?body=1" for 127.0.0.1 at 2017-06-22 13:09:26 +0530
Served asset /jquery_ujs.js - 304 Not Modified (5ms)


Started GET "/assets/static_pages.js?body=1" for 127.0.0.1 at 2017-06-22 13:09:26 +0530
Served asset /static_pages.js - 304 Not Modified (67ms)


Started GET "/assets/application.js?body=1" for 127.0.0.1 at 2017-06-22 13:09:26 +0530
Served asset /application.js - 304 Not Modified (15ms)


Started GET "/assets/users.js?body=1" for 127.0.0.1 at 2017-06-22 13:09:26 +0530
Served asset /users.js - 304 Not Modified (3ms)


Started GET "/assets/rails.png" for 127.0.0.1 at 2017-06-22 13:09:26 +0530
Served asset /rails.png - 304 Not Modified (0ms)


Started GET "/contact" for 127.0.0.1 at 2017-06-22 13:09:30 +0530
Processing by StaticPagesController#contact as HTML
  Rendered static_pages/contact.html.erb within layouts/application (0.3ms)
  Rendered layouts/_shim.html.erb (0.0ms)
  Rendered layouts/_header.html.erb (0.6ms)
  Rendered layouts/_footer.html.erb (0.2ms)
Completed 200 OK in 17ms (Views: 16.4ms | ActiveRecord: 0.0ms)


Started GET "/assets/application.css?body=1" for 127.0.0.1 at 2017-06-22 13:09:30 +0530
Served asset /application.css - 304 Not Modified (2ms)


Started GET "/assets/custom.css?body=1" for 127.0.0.1 at 2017-06-22 13:09:30 +0530
Served asset /custom.css - 304 Not Modified (0ms)


Started GET "/assets/static_pages.css?body=1" for 127.0.0.1 at 2017-06-22 13:09:30 +0530
Served asset /static_pages.css - 304 Not Modified (0ms)


Started GET "/assets/jquery_ujs.js?body=1" for 127.0.0.1 at 2017-06-22 13:09:30 +0530
Served asset /jquery_ujs.js - 304 Not Modified (0ms)


Started GET "/assets/jquery.js?body=1" for 127.0.0.1 at 2017-06-22 13:09:30 +0530
Served asset /jquery.js - 304 Not Modified (0ms)


Started GET "/assets/users.css?body=1" for 127.0.0.1 at 2017-06-22 13:09:30 +0530
Served asset /users.css - 304 Not Modified (0ms)


Started GET "/assets/static_pages.js?body=1" for 127.0.0.1 at 2017-06-22 13:09:30 +0530
Served asset /static_pages.js - 304 Not Modified (0ms)


Started GET "/assets/users.js?body=1" for 127.0.0.1 at 2017-06-22 13:09:30 +0530
Served asset /users.js - 304 Not Modified (5ms)


Started GET "/assets/application.js?body=1" for 127.0.0.1 at 2017-06-22 13:09:30 +0530
Served asset /application.js - 304 Not Modified (0ms)


Started GET "/" for 127.0.0.1 at 2017-06-22 14:29:45 +0530
Processing by StaticPagesController#home as HTML
  Rendered static_pages/home.html.erb within layouts/application (10.5ms)
  Rendered layouts/_shim.html.erb (0.2ms)
  Rendered layouts/_header.html.erb (0.8ms)
  Rendered layouts/_footer.html.erb (0.5ms)
Completed 200 OK in 147ms (Views: 146.5ms | ActiveRecord: 0.0ms)


Started GET "/assets/application.css?body=1" for 127.0.0.1 at 2017-06-22 14:29:46 +0530
Served asset /application.css - 304 Not Modified (30ms)


Started GET "/assets/custom.css?body=1" for 127.0.0.1 at 2017-06-22 14:29:46 +0530
Served asset /custom.css - 304 Not Modified (2ms)


Started GET "/assets/static_pages.css?body=1" for 127.0.0.1 at 2017-06-22 14:29:46 +0530
Served asset /static_pages.css - 304 Not Modified (0ms)


Started GET "/assets/users.css?body=1" for 127.0.0.1 at 2017-06-22 14:29:46 +0530
Served asset /users.css - 304 Not Modified (0ms)


Started GET "/assets/jquery.js?body=1" for 127.0.0.1 at 2017-06-22 14:29:46 +0530
Served asset /jquery.js - 304 Not Modified (2ms)


Started GET "/assets/jquery_ujs.js?body=1" for 127.0.0.1 at 2017-06-22 14:29:46 +0530
Served asset /jquery_ujs.js - 304 Not Modified (1ms)


Started GET "/assets/static_pages.js?body=1" for 127.0.0.1 at 2017-06-22 14:29:46 +0530
Served asset /static_pages.js - 304 Not Modified (4ms)


Started GET "/assets/users.js?body=1" for 127.0.0.1 at 2017-06-22 14:29:46 +0530
Served asset /users.js - 304 Not Modified (2ms)


Started GET "/assets/application.js?body=1" for 127.0.0.1 at 2017-06-22 14:29:46 +0530
Served asset /application.js - 304 Not Modified (10ms)


Started GET "/assets/rails.png" for 127.0.0.1 at 2017-06-22 14:29:46 +0530
Served asset /rails.png - 304 Not Modified (0ms)


Started GET "/" for 127.0.0.1 at 2017-06-22 14:29:48 +0530
Processing by StaticPagesController#home as HTML
  Rendered static_pages/home.html.erb within layouts/application (0.3ms)
  Rendered layouts/_shim.html.erb (0.0ms)
  Rendered layouts/_header.html.erb (0.4ms)
  Rendered layouts/_footer.html.erb (0.2ms)
Completed 200 OK in 15ms (Views: 14.8ms | ActiveRecord: 0.0ms)


Started GET "/assets/application.css?body=1" for 127.0.0.1 at 2017-06-22 14:29:48 +0530
Served asset /application.css - 304 Not Modified (1ms)


Started GET "/assets/custom.css?body=1" for 127.0.0.1 at 2017-06-22 14:29:48 +0530
Served asset /custom.css - 304 Not Modified (2ms)


Started GET "/assets/users.css?body=1" for 127.0.0.1 at 2017-06-22 14:29:48 +0530
Served asset /users.css - 304 Not Modified (0ms)


Started GET "/assets/static_pages.css?body=1" for 127.0.0.1 at 2017-06-22 14:29:48 +0530
Served asset /static_pages.css - 304 Not Modified (0ms)


Started GET "/assets/jquery.js?body=1" for 127.0.0.1 at 2017-06-22 14:29:48 +0530
Served asset /jquery.js - 304 Not Modified (0ms)


Started GET "/assets/jquery_ujs.js?body=1" for 127.0.0.1 at 2017-06-22 14:29:48 +0530
Served asset /jquery_ujs.js - 304 Not Modified (0ms)


Started GET "/assets/static_pages.js?body=1" for 127.0.0.1 at 2017-06-22 14:29:48 +0530
Served asset /static_pages.js - 304 Not Modified (0ms)


Started GET "/assets/users.js?body=1" for 127.0.0.1 at 2017-06-22 14:29:48 +0530
Served asset /users.js - 304 Not Modified (0ms)


Started GET "/assets/application.js?body=1" for 127.0.0.1 at 2017-06-22 14:29:48 +0530
Served asset /application.js - 304 Not Modified (0ms)


Started GET "/assets/rails.png" for 127.0.0.1 at 2017-06-22 14:29:48 +0530
Served asset /rails.png - 304 Not Modified (0ms)


Started GET "/about" for 127.0.0.1 at 2017-06-22 14:29:50 +0530
Processing by StaticPagesController#about as HTML
  Rendered static_pages/about.html.erb within layouts/application (0.3ms)
  Rendered layouts/_shim.html.erb (0.0ms)
  Rendered layouts/_header.html.erb (0.5ms)
  Rendered layouts/_footer.html.erb (0.2ms)
Completed 200 OK in 46ms (Views: 45.2ms | ActiveRecord: 0.0ms)


Started GET "/assets/application.css?body=1" for 127.0.0.1 at 2017-06-22 14:29:50 +0530
Served asset /application.css - 304 Not Modified (1ms)


Started GET "/assets/custom.css?body=1" for 127.0.0.1 at 2017-06-22 14:29:50 +0530
Served asset /custom.css - 304 Not Modified (0ms)


Started GET "/assets/static_pages.css?body=1" for 127.0.0.1 at 2017-06-22 14:29:50 +0530
Served asset /static_pages.css - 304 Not Modified (0ms)


Started GET "/assets/users.css?body=1" for 127.0.0.1 at 2017-06-22 14:29:50 +0530
Served asset /users.css - 304 Not Modified (0ms)


Started GET "/assets/jquery.js?body=1" for 127.0.0.1 at 2017-06-22 14:29:50 +0530
Served asset /jquery.js - 304 Not Modified (0ms)


Started GET "/assets/jquery_ujs.js?body=1" for 127.0.0.1 at 2017-06-22 14:29:50 +0530
Served asset /jquery_ujs.js - 304 Not Modified (0ms)


Started GET "/assets/static_pages.js?body=1" for 127.0.0.1 at 2017-06-22 14:29:50 +0530
Served asset /static_pages.js - 304 Not Modified (0ms)


Started GET "/assets/users.js?body=1" for 127.0.0.1 at 2017-06-22 14:29:50 +0530
Served asset /users.js - 304 Not Modified (0ms)


Started GET "/assets/application.js?body=1" for 127.0.0.1 at 2017-06-22 14:29:50 +0530
Served asset /application.js - 304 Not Modified (0ms)


Started GET "/contact" for 127.0.0.1 at 2017-06-22 14:29:51 +0530
Processing by StaticPagesController#contact as HTML
  Rendered static_pages/contact.html.erb within layouts/application (0.3ms)
  Rendered layouts/_shim.html.erb (0.0ms)
  Rendered layouts/_header.html.erb (5.0ms)
  Rendered layouts/_footer.html.erb (0.2ms)
Completed 200 OK in 57ms (Views: 56.5ms | ActiveRecord: 0.0ms)


Started GET "/assets/application.css?body=1" for 127.0.0.1 at 2017-06-22 14:29:51 +0530
Served asset /application.css - 304 Not Modified (1ms)


Started GET "/assets/custom.css?body=1" for 127.0.0.1 at 2017-06-22 14:29:51 +0530
Served asset /custom.css - 304 Not Modified (0ms)


Started GET "/assets/static_pages.css?body=1" for 127.0.0.1 at 2017-06-22 14:29:51 +0530
Served asset /static_pages.css - 304 Not Modified (0ms)


Started GET "/assets/users.css?body=1" for 127.0.0.1 at 2017-06-22 14:29:51 +0530
Served asset /users.css - 304 Not Modified (0ms)


Started GET "/assets/jquery.js?body=1" for 127.0.0.1 at 2017-06-22 14:29:51 +0530
Served asset /jquery.js - 304 Not Modified (0ms)


Started GET "/assets/jquery_ujs.js?body=1" for 127.0.0.1 at 2017-06-22 14:29:51 +0530
Served asset /jquery_ujs.js - 304 Not Modified (0ms)


Started GET "/assets/static_pages.js?body=1" for 127.0.0.1 at 2017-06-22 14:29:51 +0530
Served asset /static_pages.js - 304 Not Modified (0ms)


Started GET "/assets/users.js?body=1" for 127.0.0.1 at 2017-06-22 14:29:51 +0530
Served asset /users.js - 304 Not Modified (0ms)


Started GET "/assets/application.js?body=1" for 127.0.0.1 at 2017-06-22 14:29:51 +0530
Served asset /application.js - 304 Not Modified (0ms)


Started GET "/help" for 127.0.0.1 at 2017-06-22 14:29:53 +0530
Processing by StaticPagesController#help as HTML
  Rendered static_pages/help.html.erb within layouts/application (0.3ms)
  Rendered layouts/_shim.html.erb (0.0ms)
  Rendered layouts/_header.html.erb (0.5ms)
  Rendered layouts/_footer.html.erb (0.3ms)
Completed 200 OK in 27ms (Views: 25.8ms | ActiveRecord: 0.0ms)


Started GET "/assets/application.css?body=1" for 127.0.0.1 at 2017-06-22 14:29:53 +0530
Served asset /application.css - 304 Not Modified (47ms)


Started GET "/assets/jquery_ujs.js?body=1" for 127.0.0.1 at 2017-06-22 14:29:53 +0530
Served asset /jquery_ujs.js - 304 Not Modified (0ms)


Started GET "/assets/users.css?body=1" for 127.0.0.1 at 2017-06-22 14:29:53 +0530
Served asset /users.css - 304 Not Modified (0ms)


Started GET "/assets/jquery.js?body=1" for 127.0.0.1 at 2017-06-22 14:29:53 +0530
Served asset /jquery.js - 304 Not Modified (0ms)


Started GET "/assets/static_pages.css?body=1" for 127.0.0.1 at 2017-06-22 14:29:53 +0530
Served asset /static_pages.css - 304 Not Modified (0ms)


Started GET "/assets/custom.css?body=1" for 127.0.0.1 at 2017-06-22 14:29:53 +0530
Served asset /custom.css - 304 Not Modified (1ms)


Started GET "/assets/static_pages.js?body=1" for 127.0.0.1 at 2017-06-22 14:29:53 +0530
Served asset /static_pages.js - 304 Not Modified (0ms)


Started GET "/assets/application.js?body=1" for 127.0.0.1 at 2017-06-22 14:29:53 +0530
Served asset /application.js - 304 Not Modified (0ms)


Started GET "/assets/users.js?body=1" for 127.0.0.1 at 2017-06-22 14:29:53 +0530
Served asset /users.js - 304 Not Modified (0ms)


Started GET "/about" for 127.0.0.1 at 2017-06-22 14:29:54 +0530
Processing by StaticPagesController#about as HTML
  Rendered static_pages/about.html.erb within layouts/application (0.1ms)
  Rendered layouts/_shim.html.erb (0.0ms)
  Rendered layouts/_header.html.erb (0.5ms)
  Rendered layouts/_footer.html.erb (0.3ms)
Completed 200 OK in 14ms (Views: 13.8ms | ActiveRecord: 0.0ms)


Started GET "/assets/application.css?body=1" for 127.0.0.1 at 2017-06-22 14:29:54 +0530
Served asset /application.css - 304 Not Modified (1ms)


Started GET "/assets/custom.css?body=1" for 127.0.0.1 at 2017-06-22 14:29:54 +0530
Served asset /custom.css - 304 Not Modified (2ms)


Started GET "/assets/users.css?body=1" for 127.0.0.1 at 2017-06-22 14:29:54 +0530
Served asset /users.css - 304 Not Modified (0ms)


Started GET "/assets/static_pages.css?body=1" for 127.0.0.1 at 2017-06-22 14:29:54 +0530
Served asset /static_pages.css - 304 Not Modified (0ms)


Started GET "/assets/jquery.js?body=1" for 127.0.0.1 at 2017-06-22 14:29:54 +0530
Served asset /jquery.js - 304 Not Modified (0ms)


Started GET "/assets/application.js?body=1" for 127.0.0.1 at 2017-06-22 14:29:54 +0530
Served asset /application.js - 304 Not Modified (0ms)


Started GET "/assets/users.js?body=1" for 127.0.0.1 at 2017-06-22 14:29:54 +0530
Served asset /users.js - 304 Not Modified (0ms)


Started GET "/assets/static_pages.js?body=1" for 127.0.0.1 at 2017-06-22 14:29:54 +0530
Served asset /static_pages.js - 304 Not Modified (0ms)


Started GET "/assets/jquery_ujs.js?body=1" for 127.0.0.1 at 2017-06-22 14:29:54 +0530
Served asset /jquery_ujs.js - 304 Not Modified (0ms)


Started GET "/contact" for 127.0.0.1 at 2017-06-22 14:29:55 +0530
Processing by StaticPagesController#contact as HTML
  Rendered static_pages/contact.html.erb within layouts/application (0.0ms)
  Rendered layouts/_shim.html.erb (0.0ms)
  Rendered layouts/_header.html.erb (0.6ms)
  Rendered layouts/_footer.html.erb (0.3ms)
Completed 200 OK in 13ms (Views: 12.5ms | ActiveRecord: 0.0ms)


Started GET "/assets/application.css?body=1" for 127.0.0.1 at 2017-06-22 14:29:55 +0530
Served asset /application.css - 304 Not Modified (1ms)


Started GET "/assets/custom.css?body=1" for 127.0.0.1 at 2017-06-22 14:29:55 +0530
Served asset /custom.css - 304 Not Modified (0ms)


Started GET "/assets/static_pages.css?body=1" for 127.0.0.1 at 2017-06-22 14:29:55 +0530
Served asset /static_pages.css - 304 Not Modified (0ms)


Started GET "/assets/jquery.js?body=1" for 127.0.0.1 at 2017-06-22 14:29:55 +0530
Served asset /jquery.js - 304 Not Modified (0ms)


Started GET "/assets/users.css?body=1" for 127.0.0.1 at 2017-06-22 14:29:55 +0530
Served asset /users.css - 304 Not Modified (0ms)


Started GET "/assets/jquery_ujs.js?body=1" for 127.0.0.1 at 2017-06-22 14:29:55 +0530
Served asset /jquery_ujs.js - 304 Not Modified (0ms)


Started GET "/assets/static_pages.js?body=1" for 127.0.0.1 at 2017-06-22 14:29:55 +0530
Served asset /static_pages.js - 304 Not Modified (0ms)


Started GET "/assets/users.js?body=1" for 127.0.0.1 at 2017-06-22 14:29:55 +0530
Served asset /users.js - 304 Not Modified (0ms)


Started GET "/assets/application.js?body=1" for 127.0.0.1 at 2017-06-22 14:29:55 +0530
Served asset /application.js - 304 Not Modified (0ms)
  [1m[36m (0.0ms)[0m  [1mSELECT "schema_migrations"."version" FROM "schema_migrations" [0m
Migrating to CreateUsers (20170622075555)
  [1m[35m (0.0ms)[0m  select sqlite_version(*)
  [1m[36m (0.0ms)[0m  [1mbegin transaction[0m
  [1m[35m (0.6ms)[0m  CREATE TABLE "users" ("id" INTEGER PRIMARY KEY AUTOINCREMENT NOT NULL, "name" varchar(255), "email" varchar(255), "created_at" datetime NOT NULL, "updated_at" datetime NOT NULL) 
  [1m[36m (0.2ms)[0m  [1mINSERT INTO "schema_migrations" ("version") VALUES ('20170622075555')[0m
  [1m[35m (4.8ms)[0m  commit transaction
  [1m[36m (0.1ms)[0m  [1mselect sqlite_version(*)[0m
  [1m[35m (0.0ms)[0m  SELECT "schema_migrations"."version" FROM "schema_migrations" 
  [1m[36m (0.0ms)[0m  [1mPRAGMA index_list("users")[0m
  [1m[36m (0.2ms)[0m  [1mbegin transaction[0m
  [1m[36m (0.2ms)[0m  [1mbegin transaction[0m
  [1m[36m (0.2ms)[0m  [1mbegin transaction[0m
SQLite3::BusyException: database is locked: INSERT INTO "users" ("created_at", "email", "name", "updated_at") VALUES (?, ?, ?, ?)
SQLite3::BusyException: cannot open savepoint - SQL statements in progress: SAVEPOINT active_record_1
SQLite3::BusyException: cannot open savepoint - SQL statements in progress: SAVEPOINT active_record_1
SQLite3::BusyException: cannot open savepoint - SQL statements in progress: SAVEPOINT active_record_1
SQLite3::BusyException: cannot open savepoint - SQL statements in progress: SAVEPOINT active_record_1
  [1m[36m (0.2ms)[0m  [1mbegin transaction[0m
  [1m[36m (0.1ms)[0m  [1mSELECT "schema_migrations"."version" FROM "schema_migrations" [0m
  [1m[35m (0.1ms)[0m  select sqlite_version(*)
  [1m[36m (77.8ms)[0m  [1mCREATE TABLE "users" ("id" INTEGER PRIMARY KEY AUTOINCREMENT NOT NULL, "name" varchar(255), "email" varchar(255), "created_at" datetime NOT NULL, "updated_at" datetime NOT NULL) [0m
  [1m[35m (8.8ms)[0m  CREATE TABLE "schema_migrations" ("version" varchar(255) NOT NULL) 
  [1m[36m (0.1ms)[0m  [1mPRAGMA index_list("schema_migrations")[0m
  [1m[35m (9.3ms)[0m  CREATE UNIQUE INDEX "unique_schema_migrations" ON "schema_migrations" ("version")
  [1m[36m (0.1ms)[0m  [1mSELECT version FROM "schema_migrations"[0m
  [1m[35m (8.4ms)[0m  INSERT INTO "schema_migrations" (version) VALUES ('20170622075555')
  [1m[36m (0.2ms)[0m  [1mbegin transaction[0m
  [1m[36m (0.2ms)[0m  [1mbegin transaction[0m
  [1m[36m (0.1ms)[0m  [1mSELECT "schema_migrations"."version" FROM "schema_migrations" [0m
Migrating to CreateUsers (20170622075555)
Migrating to AddIndexToUsersEmail (20170622120331)
  [1m[35m (0.0ms)[0m  select sqlite_version(*)
  [1m[36m (0.0ms)[0m  [1mbegin transaction[0m
  [1m[35m (5028.4ms)[0m  INSERT INTO "schema_migrations" ("version") VALUES ('20170622120331')
SQLite3::BusyException: database is locked: INSERT INTO "schema_migrations" ("version") VALUES ('20170622120331')
  [1m[36m (0.1ms)[0m  [1mrollback transaction[0m
  [1m[36m (0.1ms)[0m  [1mSELECT "schema_migrations"."version" FROM "schema_migrations" [0m
  [1m[36m (0.2ms)[0m  [1mbegin transaction[0m
  [1m[36m (0.1ms)[0m  [1mSELECT "schema_migrations"."version" FROM "schema_migrations" [0m
  [1m[36m (0.2ms)[0m  [1mbegin transaction[0m
  [1m[36m (0.2ms)[0m  [1mbegin transaction[0m
  [1m[36m (0.1ms)[0m  [1mSELECT "schema_migrations"."version" FROM "schema_migrations" [0m
  [1m[36m (0.2ms)[0m  [1mbegin transaction[0m
  [1m[36m (0.1ms)[0m  [1mSELECT "schema_migrations"."version" FROM "schema_migrations" [0m
Migrating to CreateUsers (20170622075555)
Migrating to AddIndexToUsersEmail (20170622120331)
  [1m[35m (0.1ms)[0m  select sqlite_version(*)
  [1m[36m (0.0ms)[0m  [1mbegin transaction[0m
  [1m[35m (5023.5ms)[0m  INSERT INTO "schema_migrations" ("version") VALUES ('20170622120331')
SQLite3::BusyException: database is locked: INSERT INTO "schema_migrations" ("version") VALUES ('20170622120331')
  [1m[36m (0.1ms)[0m  [1mrollback transaction[0m
  [1m[36m (0.1ms)[0m  [1mSELECT "schema_migrations"."version" FROM "schema_migrations" [0m
Migrating to CreateUsers (20170622075555)
Migrating to AddIndexToUsersEmail (20170622120331)
  [1m[35m (0.0ms)[0m  select sqlite_version(*)
  [1m[36m (0.0ms)[0m  [1mbegin transaction[0m
  [1m[35m (5029.1ms)[0m  INSERT INTO "schema_migrations" ("version") VALUES ('20170622120331')
SQLite3::BusyException: database is locked: INSERT INTO "schema_migrations" ("version") VALUES ('20170622120331')
  [1m[36m (0.1ms)[0m  [1mrollback transaction[0m
  [1m[36m (0.1ms)[0m  [1mselect sqlite_version(*)[0m
  [1m[35m (5.4ms)[0m  CREATE TABLE "schema_migrations" ("version" varchar(255) NOT NULL) 
  [1m[36m (0.1ms)[0m  [1mPRAGMA index_list("schema_migrations")[0m
  [1m[35m (3.5ms)[0m  CREATE UNIQUE INDEX "unique_schema_migrations" ON "schema_migrations" ("version")
  [1m[36m (0.0ms)[0m  [1mSELECT "schema_migrations"."version" FROM "schema_migrations" [0m
Migrating to CreateUsers (20170622075555)
  [1m[35m (0.0ms)[0m  begin transaction
  [1m[36m (0.4ms)[0m  [1mCREATE TABLE "users" ("id" INTEGER PRIMARY KEY AUTOINCREMENT NOT NULL, "name" varchar(255), "email" varchar(255), "password_digest" varchar(255)) [0m
  [1m[35m (0.2ms)[0m  INSERT INTO "schema_migrations" ("version") VALUES ('20170622075555')
  [1m[36m (4.1ms)[0m  [1mcommit transaction[0m
Migrating to AddIndexToUsersEmail (20170622120331)
  [1m[35m (0.0ms)[0m  begin transaction
  [1m[36m (0.1ms)[0m  [1mINSERT INTO "schema_migrations" ("version") VALUES ('20170622120331')[0m
  [1m[35m (2.1ms)[0m  commit transaction
Migrating to AddPasswordDigestToUsersPasswordDigest (20170622120924)
  [1m[36m (0.0ms)[0m  [1mbegin transaction[0m
  [1m[35m (0.0ms)[0m  rollback transaction
  [1m[36m (0.1ms)[0m  [1mSELECT "schema_migrations"."version" FROM "schema_migrations" [0m
Migrating to CreateUsers (20170622075555)
Migrating to AddIndexToUsersEmail (20170622120331)
Migrating to AddPasswordDigestToUsersPasswordDigest (20170622120924)
  [1m[35m (0.0ms)[0m  select sqlite_version(*)
  [1m[36m (0.0ms)[0m  [1mbegin transaction[0m
  [1m[35m (0.1ms)[0m  ALTER TABLE "users" ADD "password_digest" varchar(255)
SQLite3::SQLException: duplicate column name: password_digest: ALTER TABLE "users" ADD "password_digest" varchar(255)
  [1m[36m (0.0ms)[0m  [1mrollback transaction[0m
  [1m[36m (0.1ms)[0m  [1mselect sqlite_version(*)[0m
  [1m[35m (3.7ms)[0m  CREATE TABLE "schema_migrations" ("version" varchar(255) NOT NULL) 
  [1m[36m (0.1ms)[0m  [1mPRAGMA index_list("schema_migrations")[0m
  [1m[35m (3.0ms)[0m  CREATE UNIQUE INDEX "unique_schema_migrations" ON "schema_migrations" ("version")
  [1m[36m (0.1ms)[0m  [1mSELECT "schema_migrations"."version" FROM "schema_migrations" [0m
Migrating to CreateUsers (20170622075555)
  [1m[35m (0.0ms)[0m  begin transaction
  [1m[36m (0.5ms)[0m  [1mCREATE TABLE "users" ("id" INTEGER PRIMARY KEY AUTOINCREMENT NOT NULL, "name" varchar(255), "email" varchar(255), "password_digest" varchar(255)) [0m
  [1m[35m (0.2ms)[0m  INSERT INTO "schema_migrations" ("version") VALUES ('20170622075555')
  [1m[36m (3.3ms)[0m  [1mcommit transaction[0m
Migrating to AddIndexToUsersEmail (20170622120331)
  [1m[35m (0.0ms)[0m  begin transaction
  [1m[36m (0.3ms)[0m  [1mINSERT INTO "schema_migrations" ("version") VALUES ('20170622120331')[0m
  [1m[35m (2.5ms)[0m  commit transaction
Migrating to AddPasswordDigestToUsersPasswordDigest (20170622120924)
  [1m[36m (0.0ms)[0m  [1mbegin transaction[0m
  [1m[35m (0.2ms)[0m  ALTER TABLE "users" ADD "password_digest" varchar(255)
SQLite3::SQLException: duplicate column name: password_digest: ALTER TABLE "users" ADD "password_digest" varchar(255)
  [1m[36m (0.0ms)[0m  [1mrollback transaction[0m
  [1m[36m (0.1ms)[0m  [1mselect sqlite_version(*)[0m
  [1m[35m (16.8ms)[0m  CREATE TABLE "schema_migrations" ("version" varchar(255) NOT NULL) 
  [1m[36m (0.1ms)[0m  [1mPRAGMA index_list("schema_migrations")[0m
  [1m[35m (3.1ms)[0m  CREATE UNIQUE INDEX "unique_schema_migrations" ON "schema_migrations" ("version")
  [1m[36m (0.0ms)[0m  [1mSELECT "schema_migrations"."version" FROM "schema_migrations" [0m
Migrating to CreateUsers (20170622075555)
  [1m[35m (0.0ms)[0m  begin transaction
  [1m[36m (0.4ms)[0m  [1mCREATE TABLE "users" ("id" INTEGER PRIMARY KEY AUTOINCREMENT NOT NULL, "name" varchar(255), "email" varchar(255), "password_digest" varchar(255)) [0m
  [1m[35m (0.2ms)[0m  INSERT INTO "schema_migrations" ("version") VALUES ('20170622075555')
  [1m[36m (3.1ms)[0m  [1mcommit transaction[0m
Migrating to AddIndexToUsersEmail (20170622120331)
  [1m[35m (0.0ms)[0m  begin transaction
  [1m[36m (0.4ms)[0m  [1mINSERT INTO "schema_migrations" ("version") VALUES ('20170622120331')[0m
  [1m[35m (2.5ms)[0m  commit transaction
Migrating to AddPasswordDigestToUsersPasswordDigest (20170622120924)
  [1m[36m (0.0ms)[0m  [1mbegin transaction[0m
  [1m[35m (0.1ms)[0m  ALTER TABLE "users" ADD "password_digest" varchar(255)
SQLite3::SQLException: duplicate column name: password_digest: ALTER TABLE "users" ADD "password_digest" varchar(255)
  [1m[36m (0.0ms)[0m  [1mrollback transaction[0m
  [1m[36m (0.1ms)[0m  [1mselect sqlite_version(*)[0m
  [1m[35m (4.3ms)[0m  CREATE TABLE "schema_migrations" ("version" varchar(255) NOT NULL) 
  [1m[36m (0.1ms)[0m  [1mPRAGMA index_list("schema_migrations")[0m
  [1m[35m (3.2ms)[0m  CREATE UNIQUE INDEX "unique_schema_migrations" ON "schema_migrations" ("version")
  [1m[36m (0.1ms)[0m  [1mSELECT "schema_migrations"."version" FROM "schema_migrations" [0m
Migrating to CreateUsers (20170622075555)
  [1m[35m (0.0ms)[0m  begin transaction
  [1m[36m (0.4ms)[0m  [1mCREATE TABLE "users" ("id" INTEGER PRIMARY KEY AUTOINCREMENT NOT NULL, "name" varchar(255), "email" varchar(255)) [0m
  [1m[35m (0.2ms)[0m  INSERT INTO "schema_migrations" ("version") VALUES ('20170622075555')
  [1m[36m (3.2ms)[0m  [1mcommit transaction[0m
Migrating to AddIndexToUsersEmail (20170622120331)
  [1m[35m (0.0ms)[0m  begin transaction
  [1m[36m (0.4ms)[0m  [1mINSERT INTO "schema_migrations" ("version") VALUES ('20170622120331')[0m
  [1m[35m (2.8ms)[0m  commit transaction
Migrating to AddPasswordDigestToUsersPasswordDigest (20170622120924)
  [1m[36m (0.0ms)[0m  [1mbegin transaction[0m
  [1m[35m (0.4ms)[0m  ALTER TABLE "users" ADD "password_digest" varchar(255)
  [1m[36m (0.2ms)[0m  [1mINSERT INTO "schema_migrations" ("version") VALUES ('20170622120924')[0m
  [1m[35m (2.5ms)[0m  commit transaction
  [1m[36m (0.1ms)[0m  [1mselect sqlite_version(*)[0m
  [1m[35m (0.0ms)[0m  SELECT "schema_migrations"."version" FROM "schema_migrations" 
  [1m[36m (0.0ms)[0m  [1mPRAGMA index_list("users")[0m
